2023-09-25 21:56:45.505 [info] Log level: Info
2023-09-25 21:56:45.505 [info] Validating found git in: "git"
2023-09-25 21:56:45.505 [info] Using git "2.34.1" from "git"
2023-09-25 21:56:45.505 [info] > git rev-parse --show-toplevel [207ms]
2023-09-25 21:56:45.508 [info] > git rev-parse --git-dir --git-common-dir [7ms]
2023-09-25 21:56:45.538 [info] Open repository: /home/joel
2023-09-25 21:56:45.571 [info] > git rev-parse --show-toplevel [14ms]
2023-09-25 21:56:45.574 [info] > git config --get commit.template [23ms]
2023-09-25 21:56:45.607 [info] > git rev-parse --show-toplevel [20ms]
2023-09-25 21:56:45.621 [info] > git for-each-ref --format=%(refname)%00%(upstream:short)%00%(objectname)%00%(upstream:track)%00%(upstream:remotename)%00%(upstream:remoteref) refs/heads/master refs/remotes/master [24ms]
2023-09-25 21:56:45.635 [info] > git rev-parse --show-toplevel [15ms]
2023-09-25 21:56:45.645 [info] > git rev-parse --show-toplevel [2ms]
2023-09-25 21:56:45.689 [info] > git status -z -uall [59ms]
2023-09-25 21:56:46.929 [info] > git check-ignore -v -z --stdin [46ms]
2023-09-25 21:56:46.953 [info] > git config --get commit.template [70ms]
2023-09-25 21:56:47.053 [info] > git for-each-ref --format=%(refname)%00%(upstream:short)%00%(objectname)%00%(upstream:track)%00%(upstream:remotename)%00%(upstream:remoteref) refs/heads/master refs/remotes/master [20ms]
2023-09-25 21:56:47.203 [info] > git status -z -uall [133ms]
2023-09-25 21:56:48.746 [info] > git show --textconv :nuevo.html [93ms]
2023-09-25 21:56:48.747 [info] > git ls-files --stage -- /home/joel/nuevo.html [82ms]
2023-09-25 21:56:48.823 [info] > git cat-file -s 3403c662514df70beefb204617cfcdd548376785 [43ms]
2023-09-25 21:56:52.779 [info] > git config --get commit.template [4ms]
2023-09-25 21:56:52.789 [info] > git for-each-ref --format=%(refname)%00%(upstream:short)%00%(objectname)%00%(upstream:track)%00%(upstream:remotename)%00%(upstream:remoteref) refs/heads/master refs/remotes/master [1ms]
2023-09-25 21:56:52.830 [info] > git status -z -uall [34ms]
2023-09-25 21:56:59.138 [info] > git config --get commit.template [6ms]
2023-09-25 21:56:59.148 [info] > git for-each-ref --format=%(refname)%00%(upstream:short)%00%(objectname)%00%(upstream:track)%00%(upstream:remotename)%00%(upstream:remoteref) refs/heads/master refs/remotes/master [2ms]
2023-09-25 21:56:59.208 [info] > git status -z -uall [52ms]
2023-09-25 21:57:04.575 [info] > git config --get commit.template [5ms]
2023-09-25 21:57:04.588 [info] > git for-each-ref --format=%(refname)%00%(upstream:short)%00%(objectname)%00%(upstream:track)%00%(upstream:remotename)%00%(upstream:remoteref) refs/heads/master refs/remotes/master [1ms]
2023-09-25 21:57:04.634 [info] > git status -z -uall [35ms]
2023-09-25 21:57:09.794 [info] > git config --get commit.template [10ms]
2023-09-25 21:57:09.810 [info] > git for-each-ref --format=%(refname)%00%(upstream:short)%00%(objectname)%00%(upstream:track)%00%(upstream:remotename)%00%(upstream:remoteref) refs/heads/master refs/remotes/master [2ms]
2023-09-25 21:57:09.855 [info] > git status -z -uall [35ms]
2023-09-25 21:57:28.789 [info] > git config --get commit.template [21ms]
2023-09-25 21:57:28.791 [info] > git for-each-ref --format=%(refname)%00%(upstream:short)%00%(objectname)%00%(upstream:track)%00%(upstream:remotename)%00%(upstream:remoteref) refs/heads/master refs/remotes/master [7ms]
2023-09-25 21:57:28.893 [info] > git status -z -uall [74ms]
