2023-09-25 21:56:42.395 [info] Extension host with pid 12556 started
2023-09-25 21:56:42.416 [error] Error: EEXIST: file already exists, open '/home/joel/.vscode-server/data/User/workspaceStorage/4cbc47545763d1a20adc0c33c5008b1d/vscode.lock'
2023-09-25 21:56:42.524 [info] Lock '/home/joel/.vscode-server/data/User/workspaceStorage/4cbc47545763d1a20adc0c33c5008b1d/vscode.lock': Could not acquire lock, checking if the file is stale.
2023-09-25 21:56:42.557 [info] Lock '/home/joel/.vscode-server/data/User/workspaceStorage/4cbc47545763d1a20adc0c33c5008b1d/vscode.lock': The lockfile is scheduled to have been released.
2023-09-25 21:56:42.558 [info] Lock '/home/joel/.vscode-server/data/User/workspaceStorage/4cbc47545763d1a20adc0c33c5008b1d/vscode.lock': Deleting a stale lock.
2023-09-25 21:56:42.834 [info] Lock '/home/joel/.vscode-server/data/User/workspaceStorage/4cbc47545763d1a20adc0c33c5008b1d/vscode.lock': Lock acquired.
2023-09-25 21:56:43.019 [info] ExtensionService#_doActivateExtension vscode.emmet, startup: false, activationEvent: 'onLanguage'
2023-09-25 21:56:43.022 [info] ExtensionService#_doActivateExtension vscode.html-language-features, startup: false, activationEvent: 'onLanguage:html'
2023-09-25 21:56:44.026 [info] ExtensionService#_doActivateExtension vscode.git-base, startup: true, activationEvent: '*', root cause: vscode.git
2023-09-25 21:56:44.072 [info] ExtensionService#_doActivateExtension vscode.git, startup: true, activationEvent: '*'
2023-09-25 21:56:44.072 [info] ExtensionService#_doActivateExtension vscode.github, startup: true, activationEvent: '*'
2023-09-25 21:56:44.990 [info] Eager extensions activated
2023-09-25 21:56:45.003 [info] ExtensionService#_doActivateExtension vscode.debug-auto-launch, startup: false, activationEvent: 'onStartupFinished'
2023-09-25 21:56:45.005 [info] ExtensionService#_doActivateExtension vscode.merge-conflict, startup: false, activationEvent: 'onStartupFinished'
2023-09-25 21:56:45.007 [info] ExtensionService#_doActivateExtension ritwickdey.LiveServer, startup: false, activationEvent: 'onStartupFinished'
2023-09-25 21:56:45.845 [warning] [Decorations] CAPPING events from decorations provider vscode.git 6252
2023-09-25 21:56:47.355 [warning] [Decorations] CAPPING events from decorations provider vscode.git 6252
2023-09-25 21:56:52.961 [warning] [Decorations] CAPPING events from decorations provider vscode.git 6252
2023-09-25 21:56:59.307 [warning] [Decorations] CAPPING events from decorations provider vscode.git 6252
2023-09-25 21:57:04.728 [warning] [Decorations] CAPPING events from decorations provider vscode.git 6252
2023-09-25 21:57:09.954 [warning] [Decorations] CAPPING events from decorations provider vscode.git 6252
2023-09-25 21:57:29.032 [warning] [Decorations] CAPPING events from decorations provider vscode.git 6254
